<?xml version="1.0" encoding="UTF-8"?>
<!-- Generated by org.testng.reporters.JUnitReportReporter -->
<testsuite hostname="DESKTOP-GGQ6OF8" failures="0" tests="1" name="com.Way2Automation.Testlayer.RegisterTest" time="58.933" errors="0" timestamp="2024-09-28T20:46:37 IST" skipped="0">
  <testcase classname="com.Way2Automation.Testlayer.RegisterTest" name="validateragistrationtest" time="58.933"/>
</testsuite> <!-- com.Way2Automation.Testlayer.RegisterTest -->
